<?xml version="1.0" encoding="UTF-8"?>
<!-- Generated by org.testng.reporters.JUnitXMLReporter -->
<testsuite ignored="0" hostname="DESKTOP-C4OHGOA" failures="0" tests="4" name="Default test" time="4.088" errors="0" timestamp="2023-11-21T10:52:47 IST">
  <testcase classname="excelTests.ExcelTest01" name="getExcelDataTest01" time="0.014"/>
  <testcase classname="excelTests.ExcelTest01" name="getExcelDataTest01" time="0.003"/>
  <testcase classname="excelTests.ExcelTest01" name="getExcelDataTest02" time="0.005"/>
  <testcase classname="excelTests.ExcelTest01" name="getExcelDataTest02" time="0.01"/>
</testsuite> <!-- Default test -->
