<?xml version="1.0" encoding="UTF-8"?>
<!-- Generated by org.testng.reporters.JUnitXMLReporter -->
<testsuite ignored="0" hostname="DESKTOP-C4OHGOA" failures="0" tests="4" name="Test" time="2.357" errors="0" timestamp="2023-09-30T18:59:52 IST">
  <testcase classname="excelTests.ExcelTest01" name="getExcelDataTest01" time="0.015"/>
  <testcase classname="excelTests.ExcelTest01" name="getExcelDataTest01" time="0.004"/>
  <testcase classname="excelTests.ExcelTest01" name="getExcelDataTest02" time="0.004"/>
  <testcase classname="excelTests.ExcelTest01" name="getExcelDataTest02" time="0.004"/>
</testsuite> <!-- Test -->
