<?xml version="1.0" encoding="UTF-8"?>
<testng-results ignored="0" total="4" passed="4" failed="0" skipped="0">
  <reporter-output>
  </reporter-output>
  <suite started-at="2023-11-21T10:52:43 IST" name="Default suite" finished-at="2023-11-21T10:52:47 IST" duration-ms="4088">
    <groups>
    </groups>
    <test started-at="2023-11-21T10:52:43 IST" name="Default test" finished-at="2023-11-21T10:52:47 IST" duration-ms="4088">
      <class name="excelTests.ExcelTest01">
        <test-method signature="getExcelDataTest01(java.util.Map)[pri:1, instance:excelTests.ExcelTest01@68999068]" started-at="2023-11-21T10:52:47 IST" name="getExcelDataTest01" data-provider="data1" finished-at="2023-11-21T10:52:47 IST" duration-ms="14" status="PASS">
          <params>
            <param index="0">
              <value>
                <![CDATA[{Name=abc, Password=abc123, RunIteration=Yes, Email=abc@123}]]>
              </value>
            </param>
          </params>
          <reporter-output>
          </reporter-output>
        </test-method> <!-- getExcelDataTest01 -->
        <test-method signature="getExcelDataTest01(java.util.Map)[pri:1, instance:excelTests.ExcelTest01@68999068]" started-at="2023-11-21T10:52:47 IST" name="getExcelDataTest01" data-provider="data1" finished-at="2023-11-21T10:52:47 IST" duration-ms="3" status="PASS">
          <params>
            <param index="0">
              <value>
                <![CDATA[{Name=xyz, Password=xyz123, RunIteration=Yes, Email=xyz@123}]]>
              </value>
            </param>
          </params>
          <reporter-output>
          </reporter-output>
        </test-method> <!-- getExcelDataTest01 -->
        <test-method signature="getExcelDataTest02(java.util.Map)[pri:2, instance:excelTests.ExcelTest01@68999068]" started-at="2023-11-21T10:52:47 IST" name="getExcelDataTest02" data-provider="data2" finished-at="2023-11-21T10:52:47 IST" duration-ms="5" status="PASS">
          <params>
            <param index="0">
              <value>
                <![CDATA[{Name=lmn, Password=lmn123, RunIteration=Yes, Email=lmn@123}]]>
              </value>
            </param>
          </params>
          <reporter-output>
          </reporter-output>
        </test-method> <!-- getExcelDataTest02 -->
        <test-method signature="getExcelDataTest02(java.util.Map)[pri:2, instance:excelTests.ExcelTest01@68999068]" started-at="2023-11-21T10:52:47 IST" name="getExcelDataTest02" data-provider="data2" finished-at="2023-11-21T10:52:47 IST" duration-ms="10" status="PASS">
          <params>
            <param index="0">
              <value>
                <![CDATA[{Name=jkl, Password=jkl123, RunIteration=Yes, Email=jkl@123}]]>
              </value>
            </param>
          </params>
          <reporter-output>
          </reporter-output>
        </test-method> <!-- getExcelDataTest02 -->
      </class> <!-- excelTests.ExcelTest01 -->
    </test> <!-- Default test -->
  </suite> <!-- Default suite -->
</testng-results>
